2020-07-07 20:57:25,418 - DEBUG - Started downloading 6 photos.
2020-07-07 20:57:25,574 - DEBUG - Starting new HTTPS connection (1): images.unsplash.com:443
2020-07-07 20:57:25,892 - DEBUG - https://images.unsplash.com:443 "GET /photo-1569936929562-f9d47d6789ea?ixlib=rb-1.2.1&ixid=eyJhcHBfaWQiOjEyMDd9&auto=format&fit=crop&w=334&q=80 HTTP/1.1" 200 33473
2020-07-07 20:57:25,958 - DEBUG - Starting new HTTPS connection (1): images.unsplash.com:443
2020-07-07 20:57:26,126 - DEBUG - https://images.unsplash.com:443 "GET /photo-1586812896097-03355c83a5a2?ixlib=rb-1.2.1&ixid=eyJhcHBfaWQiOjEyMDd9&auto=format&fit=crop&w=750&q=80 HTTP/1.1" 200 104001
2020-07-07 20:57:26,309 - DEBUG - Starting new HTTPS connection (1): images.unsplash.com:443
2020-07-07 20:57:26,469 - DEBUG - https://images.unsplash.com:443 "GET /photo-1593728453770-7e3ab63dfff3?ixlib=rb-1.2.1&ixid=eyJhcHBfaWQiOjEyMDd9&auto=format&fit=crop&w=334&q=80 HTTP/1.1" 200 24065
2020-07-07 20:57:26,532 - DEBUG - Starting new HTTPS connection (1): images.unsplash.com:443
2020-07-07 20:57:26,697 - DEBUG - https://images.unsplash.com:443 "GET /photo-1593792628761-9915abd5bb46?ixlib=rb-1.2.1&ixid=eyJhcHBfaWQiOjEyMDd9&auto=format&fit=crop&w=401&q=80 HTTP/1.1" 200 71141
2020-07-07 20:57:26,850 - DEBUG - Starting new HTTPS connection (1): images.unsplash.com:443
2020-07-07 20:57:27,012 - DEBUG - https://images.unsplash.com:443 "GET /photo-1534415769476-35430bd3bb6c?ixlib=rb-1.2.1&ixid=eyJhcHBfaWQiOjEyMDd9&auto=format&fit=crop&w=751&q=80 HTTP/1.1" 200 86242
2020-07-07 20:57:27,165 - DEBUG - Starting new HTTPS connection (1): images.unsplash.com:443
2020-07-07 20:57:27,326 - DEBUG - https://images.unsplash.com:443 "GET /photo-1593444461581-b5ae72d3b637?ixlib=rb-1.2.1&ixid=eyJhcHBfaWQiOjEyMDd9&auto=format&fit=crop&w=750&q=80 HTTP/1.1" 200 75453
2020-07-07 20:57:27,456 - DEBUG - Finished downloading. It took 2.0375925289999994 seconds

2020-07-07 21:05:19,893 - DEBUG - Started downloading 6 photos.
2020-07-07 21:05:20,086 - DEBUG - Starting new HTTPS connection (1): images.unsplash.com:443
2020-07-07 21:05:20,088 - DEBUG - Starting new HTTPS connection (1): images.unsplash.com:443
2020-07-07 21:05:20,091 - DEBUG - Starting new HTTPS connection (1): images.unsplash.com:443
2020-07-07 21:05:20,091 - DEBUG - Starting new HTTPS connection (1): images.unsplash.com:443
2020-07-07 21:05:20,092 - DEBUG - Starting new HTTPS connection (1): images.unsplash.com:443
2020-07-07 21:05:20,092 - DEBUG - Starting new HTTPS connection (1): images.unsplash.com:443
2020-07-07 21:05:20,441 - DEBUG - https://images.unsplash.com:443 "GET /photo-1593728453770-7e3ab63dfff3?ixlib=rb-1.2.1&ixid=eyJhcHBfaWQiOjEyMDd9&auto=format&fit=crop&w=334&q=80 HTTP/1.1" 200 24065
2020-07-07 21:05:20,450 - DEBUG - https://images.unsplash.com:443 "GET /photo-1593444461581-b5ae72d3b637?ixlib=rb-1.2.1&ixid=eyJhcHBfaWQiOjEyMDd9&auto=format&fit=crop&w=750&q=80 HTTP/1.1" 200 75453
2020-07-07 21:05:20,493 - DEBUG - https://images.unsplash.com:443 "GET /photo-1593792628761-9915abd5bb46?ixlib=rb-1.2.1&ixid=eyJhcHBfaWQiOjEyMDd9&auto=format&fit=crop&w=401&q=80 HTTP/1.1" 200 71141
2020-07-07 21:05:20,502 - DEBUG - https://images.unsplash.com:443 "GET /photo-1534415769476-35430bd3bb6c?ixlib=rb-1.2.1&ixid=eyJhcHBfaWQiOjEyMDd9&auto=format&fit=crop&w=751&q=80 HTTP/1.1" 200 86242
2020-07-07 21:05:20,550 - DEBUG - https://images.unsplash.com:443 "GET /photo-1569936929562-f9d47d6789ea?ixlib=rb-1.2.1&ixid=eyJhcHBfaWQiOjEyMDd9&auto=format&fit=crop&w=334&q=80 HTTP/1.1" 200 33473
2020-07-07 21:05:21,483 - DEBUG - https://images.unsplash.com:443 "GET /photo-1586812896097-03355c83a5a2?ixlib=rb-1.2.1&ixid=eyJhcHBfaWQiOjEyMDd9&auto=format&fit=crop&w=750&q=80 HTTP/1.1" 200 104001
2020-07-07 21:05:22,141 - DEBUG - Finished downloading. It took 2.2485819010000005 seconds
2020-07-08 00:26:01,743 - DEBUG - Started downloading 23 photos.
2020-07-08 00:26:02,109 - DEBUG - Starting new HTTPS connection (1): images.unsplash.com:443
2020-07-08 00:26:02,113 - DEBUG - Starting new HTTPS connection (1): images.unsplash.com:443
2020-07-08 00:26:02,116 - DEBUG - Starting new HTTPS connection (1): images.unsplash.com:443
2020-07-08 00:26:02,116 - DEBUG - Starting new HTTPS connection (1): images.unsplash.com:443
2020-07-08 00:26:02,117 - DEBUG - Starting new HTTPS connection (1): images.unsplash.com:443
2020-07-08 00:26:02,117 - DEBUG - Starting new HTTPS connection (1): images.unsplash.com:443
2020-07-08 00:26:02,118 - DEBUG - Starting new HTTPS connection (1): images.unsplash.com:443
2020-07-08 00:26:02,118 - DEBUG - Starting new HTTPS connection (1): images.unsplash.com:443
2020-07-08 00:26:02,118 - DEBUG - Starting new HTTPS connection (1): images.unsplash.com:443
2020-07-08 00:26:02,119 - DEBUG - Starting new HTTPS connection (1): images.unsplash.com:443
2020-07-08 00:26:02,119 - DEBUG - Starting new HTTPS connection (1): images.unsplash.com:443
2020-07-08 00:26:02,119 - DEBUG - Starting new HTTPS connection (1): images.unsplash.com:443
2020-07-08 00:26:02,119 - DEBUG - Starting new HTTPS connection (1): images.unsplash.com:443
2020-07-08 00:26:02,120 - DEBUG - Starting new HTTPS connection (1): images.unsplash.com:443
2020-07-08 00:26:02,120 - DEBUG - Starting new HTTPS connection (1): images.unsplash.com:443
2020-07-08 00:26:02,120 - DEBUG - Starting new HTTPS connection (1): images.unsplash.com:443
2020-07-08 00:26:02,120 - DEBUG - Starting new HTTPS connection (1): images.unsplash.com:443
2020-07-08 00:26:02,120 - DEBUG - Starting new HTTPS connection (1): images.unsplash.com:443
2020-07-08 00:26:02,121 - DEBUG - Starting new HTTPS connection (1): images.unsplash.com:443
2020-07-08 00:26:02,121 - DEBUG - Starting new HTTPS connection (1): images.unsplash.com:443
2020-07-08 00:26:02,797 - DEBUG - https://images.unsplash.com:443 "GET /photo-1593728453770-7e3ab63dfff3?ixlib=rb-1.2.1&ixid=eyJhcHBfaWQiOjEyMDd9&auto=format&fit=crop&w=334&q=80 HTTP/1.1" 200 24065
2020-07-08 00:26:02,871 - DEBUG - https://images.unsplash.com:443 "GET /photo-1593792628761-9915abd5bb46?ixlib=rb-1.2.1&ixid=eyJhcHBfaWQiOjEyMDd9&auto=format&fit=crop&w=401&q=80 HTTP/1.1" 200 71141
2020-07-08 00:26:02,893 - DEBUG - https://images.unsplash.com:443 "GET /photo-1593444461581-b5ae72d3b637?ixlib=rb-1.2.1&ixid=eyJhcHBfaWQiOjEyMDd9&auto=format&fit=crop&w=750&q=80 HTTP/1.1" 200 75453
2020-07-08 00:26:02,932 - DEBUG - https://images.unsplash.com:443 "GET /photo-1586812896097-03355c83a5a2?ixlib=rb-1.2.1&ixid=eyJhcHBfaWQiOjEyMDd9&auto=format&fit=crop&w=750&q=80 HTTP/1.1" 200 104001
2020-07-08 00:26:02,937 - DEBUG - Starting new HTTPS connection (1): images.unsplash.com:443
2020-07-08 00:26:02,959 - DEBUG - https://images.unsplash.com:443 "GET /photo-1534415769476-35430bd3bb6c?ixlib=rb-1.2.1&ixid=eyJhcHBfaWQiOjEyMDd9&auto=format&fit=crop&w=751&q=80 HTTP/1.1" 200 86242
2020-07-08 00:26:02,976 - DEBUG - https://images.unsplash.com:443 "GET /photo-1569936929562-f9d47d6789ea?ixlib=rb-1.2.1&ixid=eyJhcHBfaWQiOjEyMDd9&auto=format&fit=crop&w=334&q=80 HTTP/1.1" 200 33473
2020-07-08 00:26:03,070 - DEBUG - https://images.unsplash.com:443 "GET /photo-1593163127678-9924b3d586a3?ixlib=rb-1.2.1&auto=format&fit=crop&w=750&q=80 HTTP/1.1" 200 23334
2020-07-08 00:26:03,150 - DEBUG - https://images.unsplash.com:443 "GET /photo-1493015780735-f7330a5c88f2?ixlib=rb-1.2.1&ixid=eyJhcHBfaWQiOjEyMDd9&auto=format&fit=crop&w=726&q=80 HTTP/1.1" 200 65662
2020-07-08 00:26:03,221 - DEBUG - https://images.unsplash.com:443 "GET /photo-1515005318787-cc68052b38f3?ixlib=rb-1.2.1&ixid=eyJhcHBfaWQiOjEyMDd9&auto=format&fit=crop&w=364&q=80 HTTP/1.1" 200 24127
2020-07-08 00:26:03,261 - DEBUG - https://images.unsplash.com:443 "GET /photo-1530598343134-ee226a2e90e4?ixlib=rb-1.2.1&ixid=eyJhcHBfaWQiOjEyMDd9&auto=format&fit=crop&w=667&q=80 HTTP/1.1" 200 41052
2020-07-08 00:26:03,295 - DEBUG - https://images.unsplash.com:443 "GET /photo-1592856879770-aae96039dfdf?ixlib=rb-1.2.1&ixid=eyJhcHBfaWQiOjEyMDd9&auto=format&fit=crop&w=334&q=80 HTTP/1.1" 200 32391
2020-07-08 00:26:03,322 - DEBUG - https://images.unsplash.com:443 "GET /photo-1592916100255-63c7696107a1?ixlib=rb-1.2.1&auto=format&fit=crop&w=753&q=80 HTTP/1.1" 200 128886
2020-07-08 00:26:03,327 - DEBUG - https://images.unsplash.com:443 "GET /photo-1592937875863-636028d14039?ixlib=rb-1.2.1&ixid=eyJhcHBfaWQiOjEyMDd9&auto=format&fit=crop&w=375&q=80 HTTP/1.1" 200 52413
2020-07-08 00:26:03,579 - DEBUG - https://images.unsplash.com:443 "GET /photo-1593758328014-87a131e16161?ixlib=rb-1.2.1&ixid=eyJhcHBfaWQiOjEyMDd9&auto=format&fit=crop&w=334&q=80 HTTP/1.1" 200 39378
2020-07-08 00:26:03,588 - DEBUG - https://images.unsplash.com:443 "GET /photo-1592778897034-21da61a8cd02?ixlib=rb-1.2.1&ixid=eyJhcHBfaWQiOjEyMDd9&auto=format&fit=crop&w=334&q=80 HTTP/1.1" 200 35570
2020-07-08 00:26:03,598 - DEBUG - Starting new HTTPS connection (1): images.unsplash.com:443
2020-07-08 00:26:03,601 - DEBUG - https://images.unsplash.com:443 "GET /photo-1592981703821-369bd42e2e1f?ixlib=rb-1.2.1&ixid=eyJhcHBfaWQiOjEyMDd9&auto=format&fit=crop&w=752&q=80 HTTP/1.1" 200 147662
2020-07-08 00:26:03,637 - DEBUG - Starting new HTTPS connection (1): images.unsplash.com:443
2020-07-08 00:26:03,815 - DEBUG - https://images.unsplash.com:443 "GET /photo-1593156618550-b0b335e1ee8b?ixlib=rb-1.2.1&auto=format&fit=crop&w=334&q=80 HTTP/1.1" 200 24732
2020-07-08 00:26:03,817 - DEBUG - https://images.unsplash.com:443 "GET /photo-1592963219573-c388f7232a5f?ixlib=rb-1.2.1&auto=format&fit=crop&w=376&q=80 HTTP/1.1" 200 37132
2020-07-08 00:26:04,211 - DEBUG - https://images.unsplash.com:443 "GET /photo-1592507645647-f2f1d8103c86?ixlib=rb-1.2.1&ixid=eyJhcHBfaWQiOjEyMDd9&auto=format&fit=crop&w=334&q=80 HTTP/1.1" 200 21904
2020-07-08 00:26:04,261 - DEBUG - https://images.unsplash.com:443 "GET /photo-1447966531936-911738a2a722?ixlib=rb-1.2.1&ixid=eyJhcHBfaWQiOjEyMDd9&auto=format&fit=crop&w=750&q=80 HTTP/1.1" 200 173377
2020-07-08 00:26:04,458 - DEBUG - https://images.unsplash.com:443 "GET /photo-1593462447694-f8ca79f8f8ab?ixlib=rb-1.2.1&ixid=eyJhcHBfaWQiOjEyMDd9&auto=format&fit=crop&w=1268&q=80 HTTP/1.1" 200 234344
2020-07-08 00:26:04,730 - DEBUG - https://images.unsplash.com:443 "GET /photo-1592510988387-7b58307014c6?ixlib=rb-1.2.1&ixid=eyJhcHBfaWQiOjEyMDd9&auto=format&fit=crop&w=750&q=80 HTTP/1.1" 200 85715
2020-07-08 00:26:04,935 - DEBUG - https://images.unsplash.com:443 "GET /photo-1592918639681-299af38742ef?ixlib=rb-1.2.1&ixid=eyJhcHBfaWQiOjEyMDd9&auto=format&fit=crop&w=334&q=80 HTTP/1.1" 200 35202
2020-07-08 00:26:07,538 - DEBUG - Finished downloading. It took 5.795445304000001 seconds
2020-07-08 00:27:44,314 - DEBUG - Started downloading 23 photos.
2020-07-08 00:27:44,381 - DEBUG - Starting new HTTPS connection (1): images.unsplash.com:443
2020-07-08 00:27:44,384 - DEBUG - Starting new HTTPS connection (1): images.unsplash.com:443
2020-07-08 00:27:44,385 - DEBUG - Starting new HTTPS connection (1): images.unsplash.com:443
2020-07-08 00:27:44,385 - DEBUG - Starting new HTTPS connection (1): images.unsplash.com:443
2020-07-08 00:27:44,387 - DEBUG - Starting new HTTPS connection (1): images.unsplash.com:443
2020-07-08 00:27:44,387 - DEBUG - Starting new HTTPS connection (1): images.unsplash.com:443
2020-07-08 00:27:44,387 - DEBUG - Starting new HTTPS connection (1): images.unsplash.com:443
2020-07-08 00:27:44,387 - DEBUG - Starting new HTTPS connection (1): images.unsplash.com:443
2020-07-08 00:27:44,388 - DEBUG - Starting new HTTPS connection (1): images.unsplash.com:443
2020-07-08 00:27:44,388 - DEBUG - Starting new HTTPS connection (1): images.unsplash.com:443
2020-07-08 00:27:44,388 - DEBUG - Starting new HTTPS connection (1): images.unsplash.com:443
2020-07-08 00:27:44,388 - DEBUG - Starting new HTTPS connection (1): images.unsplash.com:443
2020-07-08 00:27:44,389 - DEBUG - Starting new HTTPS connection (1): images.unsplash.com:443
2020-07-08 00:27:44,389 - DEBUG - Starting new HTTPS connection (1): images.unsplash.com:443
2020-07-08 00:27:44,389 - DEBUG - Starting new HTTPS connection (1): images.unsplash.com:443
2020-07-08 00:27:44,389 - DEBUG - Starting new HTTPS connection (1): images.unsplash.com:443
2020-07-08 00:27:44,389 - DEBUG - Starting new HTTPS connection (1): images.unsplash.com:443
2020-07-08 00:27:44,390 - DEBUG - Starting new HTTPS connection (1): images.unsplash.com:443
2020-07-08 00:27:44,390 - DEBUG - Starting new HTTPS connection (1): images.unsplash.com:443
2020-07-08 00:27:44,390 - DEBUG - Starting new HTTPS connection (1): images.unsplash.com:443
2020-07-08 00:27:44,943 - DEBUG - https://images.unsplash.com:443 "GET /photo-1592981703821-369bd42e2e1f?ixlib=rb-1.2.1&ixid=eyJhcHBfaWQiOjEyMDd9&auto=format&fit=crop&w=752&q=80 HTTP/1.1" 200 147662
2020-07-08 00:27:44,966 - DEBUG - https://images.unsplash.com:443 "GET /photo-1530598343134-ee226a2e90e4?ixlib=rb-1.2.1&ixid=eyJhcHBfaWQiOjEyMDd9&auto=format&fit=crop&w=667&q=80 HTTP/1.1" 200 41052
2020-07-08 00:27:44,988 - DEBUG - https://images.unsplash.com:443 "GET /photo-1586812896097-03355c83a5a2?ixlib=rb-1.2.1&ixid=eyJhcHBfaWQiOjEyMDd9&auto=format&fit=crop&w=750&q=80 HTTP/1.1" 200 104001
2020-07-08 00:27:45,008 - DEBUG - https://images.unsplash.com:443 "GET /photo-1593758328014-87a131e16161?ixlib=rb-1.2.1&ixid=eyJhcHBfaWQiOjEyMDd9&auto=format&fit=crop&w=334&q=80 HTTP/1.1" 200 39378
2020-07-08 00:27:45,030 - DEBUG - https://images.unsplash.com:443 "GET /photo-1534415769476-35430bd3bb6c?ixlib=rb-1.2.1&ixid=eyJhcHBfaWQiOjEyMDd9&auto=format&fit=crop&w=751&q=80 HTTP/1.1" 200 86242
2020-07-08 00:27:45,054 - DEBUG - https://images.unsplash.com:443 "GET /photo-1515005318787-cc68052b38f3?ixlib=rb-1.2.1&ixid=eyJhcHBfaWQiOjEyMDd9&auto=format&fit=crop&w=364&q=80 HTTP/1.1" 200 24127
2020-07-08 00:27:45,078 - DEBUG - https://images.unsplash.com:443 "GET /photo-1593728453770-7e3ab63dfff3?ixlib=rb-1.2.1&ixid=eyJhcHBfaWQiOjEyMDd9&auto=format&fit=crop&w=334&q=80 HTTP/1.1" 200 24065
2020-07-08 00:27:45,098 - DEBUG - https://images.unsplash.com:443 "GET /photo-1593163127678-9924b3d586a3?ixlib=rb-1.2.1&auto=format&fit=crop&w=750&q=80 HTTP/1.1" 200 23334
2020-07-08 00:27:45,119 - DEBUG - https://images.unsplash.com:443 "GET /photo-1592963219573-c388f7232a5f?ixlib=rb-1.2.1&auto=format&fit=crop&w=376&q=80 HTTP/1.1" 200 37132
2020-07-08 00:27:45,141 - DEBUG - https://images.unsplash.com:443 "GET /photo-1593792628761-9915abd5bb46?ixlib=rb-1.2.1&ixid=eyJhcHBfaWQiOjEyMDd9&auto=format&fit=crop&w=401&q=80 HTTP/1.1" 200 71141
2020-07-08 00:27:45,164 - DEBUG - https://images.unsplash.com:443 "GET /photo-1593462447694-f8ca79f8f8ab?ixlib=rb-1.2.1&ixid=eyJhcHBfaWQiOjEyMDd9&auto=format&fit=crop&w=1268&q=80 HTTP/1.1" 200 234344
2020-07-08 00:27:45,186 - DEBUG - https://images.unsplash.com:443 "GET /photo-1447966531936-911738a2a722?ixlib=rb-1.2.1&ixid=eyJhcHBfaWQiOjEyMDd9&auto=format&fit=crop&w=750&q=80 HTTP/1.1" 200 173377
2020-07-08 00:27:45,207 - DEBUG - https://images.unsplash.com:443 "GET /photo-1592916100255-63c7696107a1?ixlib=rb-1.2.1&auto=format&fit=crop&w=753&q=80 HTTP/1.1" 200 128886
2020-07-08 00:27:45,223 - DEBUG - https://images.unsplash.com:443 "GET /photo-1493015780735-f7330a5c88f2?ixlib=rb-1.2.1&ixid=eyJhcHBfaWQiOjEyMDd9&auto=format&fit=crop&w=726&q=80 HTTP/1.1" 200 65662
2020-07-08 00:27:45,229 - DEBUG - https://images.unsplash.com:443 "GET /photo-1592937875863-636028d14039?ixlib=rb-1.2.1&ixid=eyJhcHBfaWQiOjEyMDd9&auto=format&fit=crop&w=375&q=80 HTTP/1.1" 200 52413
2020-07-08 00:27:45,236 - DEBUG - https://images.unsplash.com:443 "GET /photo-1592778897034-21da61a8cd02?ixlib=rb-1.2.1&ixid=eyJhcHBfaWQiOjEyMDd9&auto=format&fit=crop&w=334&q=80 HTTP/1.1" 200 35570
2020-07-08 00:27:45,243 - DEBUG - https://images.unsplash.com:443 "GET /photo-1592856879770-aae96039dfdf?ixlib=rb-1.2.1&ixid=eyJhcHBfaWQiOjEyMDd9&auto=format&fit=crop&w=334&q=80 HTTP/1.1" 200 32391
2020-07-08 00:27:45,249 - DEBUG - https://images.unsplash.com:443 "GET /photo-1569936929562-f9d47d6789ea?ixlib=rb-1.2.1&ixid=eyJhcHBfaWQiOjEyMDd9&auto=format&fit=crop&w=334&q=80 HTTP/1.1" 200 33473
2020-07-08 00:27:45,699 - DEBUG - Starting new HTTPS connection (1): images.unsplash.com:443
2020-07-08 00:27:46,068 - DEBUG - https://images.unsplash.com:443 "GET /photo-1593156618550-b0b335e1ee8b?ixlib=rb-1.2.1&auto=format&fit=crop&w=334&q=80 HTTP/1.1" 200 24732
2020-07-08 00:27:46,176 - DEBUG - Starting new HTTPS connection (1): images.unsplash.com:443
2020-07-08 00:27:46,253 - DEBUG - Starting new HTTPS connection (1): images.unsplash.com:443
2020-07-08 00:27:46,274 - DEBUG - https://images.unsplash.com:443 "GET /photo-1593444461581-b5ae72d3b637?ixlib=rb-1.2.1&ixid=eyJhcHBfaWQiOjEyMDd9&auto=format&fit=crop&w=750&q=80 HTTP/1.1" 200 75453
2020-07-08 00:27:46,352 - DEBUG - https://images.unsplash.com:443 "GET /photo-1592507645647-f2f1d8103c86?ixlib=rb-1.2.1&ixid=eyJhcHBfaWQiOjEyMDd9&auto=format&fit=crop&w=334&q=80 HTTP/1.1" 200 21904
2020-07-08 00:27:46,358 - DEBUG - https://images.unsplash.com:443 "GET /photo-1592918639681-299af38742ef?ixlib=rb-1.2.1&ixid=eyJhcHBfaWQiOjEyMDd9&auto=format&fit=crop&w=334&q=80 HTTP/1.1" 200 35202
2020-07-08 00:27:46,416 - DEBUG - https://images.unsplash.com:443 "GET /photo-1592510988387-7b58307014c6?ixlib=rb-1.2.1&ixid=eyJhcHBfaWQiOjEyMDd9&auto=format&fit=crop&w=750&q=80 HTTP/1.1" 200 85715
2020-07-08 00:27:49,187 - DEBUG - Finished downloading. It took 4.8734284709999995 seconds
2020-07-08 00:43:43,703 - DEBUG - Start filtering 23 photos
2020-07-08 00:43:49,886 - DEBUG - Finished in 6.1004929390000004 seconds
2020-07-08 00:53:28,910 - DEBUG - Start filtering 23 photos
2020-07-08 00:53:31,589 - DEBUG - Finished in 2.678519027 seconds
